

##########################################################################################
NEW MONITORING SESSION STARTED: 2025-12-22 06:10:46
Channels: 1 (2.4GHz) ↔ 6 (2.4GHz)
Whitelisted devices: 0
##########################################################################################

==========================================================================================
[ATTACK #1] 2025-12-22 07:39:58
CHANNEL: 11 (2.4GHz)
THREAT LEVEL: 🟢 LOW (0/100)
==========================================================================================

ATTACKER IDENTIFICATION:
  Hardware MAC:      Not detected
  Packet Source:     f8:9b:6e:54:ce:7a (Nokia)
  WARNING:           Cannot verify hardware MAC

SIGNAL ANALYSIS:
  Signal:            -44 dBm (Avg: -44.0 dBm)
  Distance:          >55m (Very Far)
  TX Rate:           1.0 Mbps
  WARNING:           Low rate (max range attack)

ATTACK STATISTICS:
  Attack Rate:       1 attacks/minute
  Total Attacks:     1
  Active Duration:   0s

ATTACK DETAILS:
  Type:              Deauth
  Target:            d4:9d:c0:9a:8b:46 (Samsung Electronics)
  Target AP:         f8:9b:6e:54:ce:7a (Nokia)

ATTACK PATTERN:
  Broadcast Attacks: 0
  Targeted Attacks:  1
  Unique Targets:    1
  Spoofed MACs Used: 1
==========================================================================================

==========================================================================================
[ATTACK #2] 2025-12-22 08:26:24
CHANNEL: 11 (2.4GHz)
THREAT LEVEL: 🟢 LOW (10/100)
==========================================================================================

ATTACKER IDENTIFICATION:
  Hardware MAC:      Not detected
  Packet Source:     f8:9b:6e:54:ce:7a (Nokia)
  WARNING:           Cannot verify hardware MAC

SIGNAL ANALYSIS:
  Signal:            -44 dBm (Avg: -44.0 dBm)
  Distance:          >55m (Very Far)
  TX Rate:           1.0 Mbps
  WARNING:           Low rate (max range attack)

ATTACK STATISTICS:
  Attack Rate:       1 attacks/minute
  Total Attacks:     2
  Active Duration:   2785s

ATTACK DETAILS:
  Type:              Deauth
  Target:            d4:9d:c0:9a:8b:46 (Samsung Electronics)
  Target AP:         f8:9b:6e:54:ce:7a (Nokia)

ATTACK PATTERN:
  Broadcast Attacks: 0
  Targeted Attacks:  2
  Unique Targets:    1
  Spoofed MACs Used: 1
==========================================================================================

==========================================================================================
[ATTACK #3] 2025-12-22 09:06:05
CHANNEL: 6 (5GHz)
THREAT LEVEL: 🟢 LOW (0/100)
==========================================================================================

ATTACKER IDENTIFICATION:
  Hardware MAC:      Not detected
  Packet Source:     28:40:0b:96:ae:9d (Unknown (28-40-0B))
  WARNING:           Cannot verify hardware MAC

SIGNAL ANALYSIS:
  Signal:            -62 dBm (Avg: -62.0 dBm)
  Distance:          >181m (Very Far)
  TX Rate:           1.0 Mbps
  WARNING:           Low rate (max range attack)

ATTACK STATISTICS:
  Attack Rate:       1 attacks/minute
  Total Attacks:     1
  Active Duration:   0s

ATTACK DETAILS:
  Type:              Deauth
  Target:            90:f8:91:2c:4b:91 (Unknown (90-F8-91))
  Target AP:         90:f8:91:2c:4b:91 (Unknown (90-F8-91))

ATTACK PATTERN:
  Broadcast Attacks: 0
  Targeted Attacks:  1
  Unique Targets:    1
  Spoofed MACs Used: 1
==========================================================================================

==========================================================================================
[ATTACK #4] 2025-12-22 14:16:32
CHANNEL: 6 (5GHz)
THREAT LEVEL: 🟢 LOW (0/100)
==========================================================================================

ATTACKER IDENTIFICATION:
  Hardware MAC:      Not detected
  Packet Source:     80:2a:a8:d4:86:ce (Ubiquiti Networks)
  WARNING:           Cannot verify hardware MAC

SIGNAL ANALYSIS:
  Signal:            -67 dBm (Avg: -67.0 dBm)
  Distance:          >251m (Very Far)
  TX Rate:           1.0 Mbps
  WARNING:           Low rate (max range attack)

ATTACK STATISTICS:
  Attack Rate:       1 attacks/minute
  Total Attacks:     1
  Active Duration:   0s

ATTACK DETAILS:
  Type:              Deauth
  Target:            96:c4:4e:07:4c:d1 (Unknown (96-C4-4E) [LOCALLY ADMINISTERED - SPOOFED?])
  Target AP:         80:2a:a8:d4:86:ce (Ubiquiti Networks)

ATTACK PATTERN:
  Broadcast Attacks: 0
  Targeted Attacks:  1
  Unique Targets:    1
  Spoofed MACs Used: 1
==========================================================================================

==========================================================================================
[ATTACK #5] 2025-12-22 14:16:32
CHANNEL: 6 (5GHz)
THREAT LEVEL: 🟢 LOW (0/100)
==========================================================================================

ATTACKER IDENTIFICATION:
  Hardware MAC:      Not detected
  Packet Source:     80:2a:a8:d4:86:ce (Ubiquiti Networks)
  WARNING:           Cannot verify hardware MAC

SIGNAL ANALYSIS:
  Signal:            -67 dBm (Avg: -67.0 dBm)
  Distance:          >251m (Very Far)
  TX Rate:           1.0 Mbps
  WARNING:           Low rate (max range attack)

ATTACK STATISTICS:
  Attack Rate:       2 attacks/minute
  Total Attacks:     2
  Active Duration:   0s

ATTACK DETAILS:
  Type:              Deauth
  Target:            96:c4:4e:07:4c:d1 (Unknown (96-C4-4E) [LOCALLY ADMINISTERED - SPOOFED?])
  Target AP:         80:2a:a8:d4:86:ce (Ubiquiti Networks)

ATTACK PATTERN:
  Broadcast Attacks: 0
  Targeted Attacks:  2
  Unique Targets:    1
  Spoofed MACs Used: 1
==========================================================================================

==========================================================================================
[ATTACK #6] 2025-12-22 14:16:32
CHANNEL: 6 (5GHz)
THREAT LEVEL: 🟢 LOW (25/100)
==========================================================================================

ATTACKER IDENTIFICATION:
  Hardware MAC:      Not detected
  Packet Source:     80:2a:a8:d4:86:ce (Ubiquiti Networks)
  WARNING:           Cannot verify hardware MAC

SIGNAL ANALYSIS:
  Signal:            -67 dBm (Avg: -67.0 dBm)
  Distance:          >251m (Very Far)
  TX Rate:           1.0 Mbps
  WARNING:           Low rate (max range attack)

ATTACK STATISTICS:
  Attack Rate:       3 attacks/minute
  Total Attacks:     3
  Active Duration:   0s

ATTACK DETAILS:
  Type:              Deauth
  Target:            96:c4:4e:07:4c:d1 (Unknown (96-C4-4E) [LOCALLY ADMINISTERED - SPOOFED?])
  Target AP:         80:2a:a8:d4:86:ce (Ubiquiti Networks)

ATTACK PATTERN:
  Broadcast Attacks: 0
  Targeted Attacks:  3
  Unique Targets:    1
  Spoofed MACs Used: 1
==========================================================================================

==========================================================================================
[ATTACK #7] 2025-12-22 14:16:32
CHANNEL: 6 (5GHz)
THREAT LEVEL: 🟠 HIGH (55/100)
==========================================================================================

ATTACKER IDENTIFICATION:
  Hardware MAC:      Not detected
  Packet Source:     80:2a:a8:d4:86:ce (Ubiquiti Networks)
  WARNING:           Cannot verify hardware MAC

SIGNAL ANALYSIS:
  Signal:            -67 dBm (Avg: -67.0 dBm)
  Distance:          >251m (Very Far)
  TX Rate:           1.0 Mbps
  WARNING:           Low rate (max range attack)

ATTACK STATISTICS:
  Attack Rate:       4 attacks/minute
  Total Attacks:     4
  Active Duration:   0s

TIMING ANALYSIS:
  Pattern:           AUTOMATED TOOL
  Avg Interval:      2.5ms
  Burst Attacks:     3
  WARNING:           Automated tool detected

ATTACK DETAILS:
  Type:              Deauth
  Target:            96:c4:4e:07:4c:d1 (Unknown (96-C4-4E) [LOCALLY ADMINISTERED - SPOOFED?])
  Target AP:         80:2a:a8:d4:86:ce (Ubiquiti Networks)

ATTACK PATTERN:
  Broadcast Attacks: 0
  Targeted Attacks:  4
  Unique Targets:    1
  Spoofed MACs Used: 1
==========================================================================================

==========================================================================================
[ATTACK #8] 2025-12-22 14:39:01
CHANNEL: 6 (5GHz)
THREAT LEVEL: 🟡 MEDIUM (35/100)
==========================================================================================

ATTACKER IDENTIFICATION:
  Hardware MAC:      Not detected
  Packet Source:     80:2a:a8:d4:86:ce (Ubiquiti Networks)
  WARNING:           Cannot verify hardware MAC

SIGNAL ANALYSIS:
  Signal:            -68 dBm (Avg: -67.2 dBm)
  Distance:          >268m (Very Far)
  TX Rate:           1.0 Mbps
  WARNING:           Low rate (max range attack)

ATTACK STATISTICS:
  Attack Rate:       1 attacks/minute
  Total Attacks:     5
  Active Duration:   1349s

TIMING ANALYSIS:
  Pattern:           MANUAL/IRREGULAR
  Avg Interval:      337288.5ms
  Burst Attacks:     3

ATTACK DETAILS:
  Type:              Disassoc
  Target:            1e:b7:14:92:b1:8a (Random/Local MAC [LOCALLY ADMINISTERED - SPOOFED?])
  Target AP:         80:2a:a8:d4:86:ce (Ubiquiti Networks)

ATTACK PATTERN:
  Broadcast Attacks: 0
  Targeted Attacks:  5
  Unique Targets:    2
  Spoofed MACs Used: 1
==========================================================================================

==========================================================================================
[ATTACK #9] 2025-12-22 15:28:07
CHANNEL: 6 (5GHz)
THREAT LEVEL: 🟡 MEDIUM (40/100)
==========================================================================================

ATTACKER IDENTIFICATION:
  Hardware MAC:      Not detected
  Packet Source:     80:2a:a8:d4:86:ce (Ubiquiti Networks)
  WARNING:           Cannot verify hardware MAC

SIGNAL ANALYSIS:
  Signal:            -66 dBm (Avg: -67.0 dBm)
  Distance:          >235m (Very Far)
  TX Rate:           1.0 Mbps
  WARNING:           Low rate (max range attack)

ATTACK STATISTICS:
  Attack Rate:       1 attacks/minute
  Total Attacks:     6
  Active Duration:   4294s

TIMING ANALYSIS:
  Pattern:           MANUAL/IRREGULAR
  Avg Interval:      858981.1ms
  Burst Attacks:     3

ATTACK DETAILS:
  Type:              Disassoc
  Target:            1e:b7:14:92:b1:8a (Random/Local MAC [LOCALLY ADMINISTERED - SPOOFED?])
  Target AP:         80:2a:a8:d4:86:ce (Ubiquiti Networks)

ATTACK PATTERN:
  Broadcast Attacks: 0
  Targeted Attacks:  6
  Unique Targets:    2
  Spoofed MACs Used: 1
==========================================================================================

==========================================================================================
[ATTACK #10] 2025-12-22 15:52:14
CHANNEL: 6 (5GHz)
THREAT LEVEL: 🟡 MEDIUM (40/100)
==========================================================================================

ATTACKER IDENTIFICATION:
  Hardware MAC:      Not detected
  Packet Source:     80:2a:a8:d4:86:ce (Ubiquiti Networks)
  WARNING:           Cannot verify hardware MAC

SIGNAL ANALYSIS:
  Signal:            -66 dBm (Avg: -66.9 dBm)
  Distance:          >235m (Very Far)
  TX Rate:           1.0 Mbps
  WARNING:           Low rate (max range attack)

ATTACK STATISTICS:
  Attack Rate:       1 attacks/minute
  Total Attacks:     7
  Active Duration:   5742s

TIMING ANALYSIS:
  Pattern:           MANUAL/IRREGULAR
  Avg Interval:      957021.4ms
  Burst Attacks:     3

ATTACK DETAILS:
  Type:              Disassoc
  Target:            1e:b7:14:92:b1:8a (Random/Local MAC [LOCALLY ADMINISTERED - SPOOFED?])
  Target AP:         80:2a:a8:d4:86:ce (Ubiquiti Networks)

ATTACK PATTERN:
  Broadcast Attacks: 0
  Targeted Attacks:  7
  Unique Targets:    2
  Spoofed MACs Used: 1
==========================================================================================

==========================================================================================
[ATTACK #11] 2025-12-22 15:53:20
CHANNEL: 6 (5GHz)
THREAT LEVEL: 🟡 MEDIUM (40/100)
==========================================================================================

ATTACKER IDENTIFICATION:
  Hardware MAC:      Not detected
  Packet Source:     80:2a:a8:d4:86:ce (Ubiquiti Networks)
  WARNING:           Cannot verify hardware MAC

SIGNAL ANALYSIS:
  Signal:            -68 dBm (Avg: -67.0 dBm)
  Distance:          >268m (Very Far)
  TX Rate:           1.0 Mbps
  WARNING:           Low rate (max range attack)

ATTACK STATISTICS:
  Attack Rate:       1 attacks/minute
  Total Attacks:     8
  Active Duration:   5807s

TIMING ANALYSIS:
  Pattern:           MANUAL/IRREGULAR
  Avg Interval:      829634.4ms
  Burst Attacks:     3

ATTACK DETAILS:
  Type:              Disassoc
  Target:            1e:b7:14:92:b1:8a (Random/Local MAC [LOCALLY ADMINISTERED - SPOOFED?])
  Target AP:         80:2a:a8:d4:86:ce (Ubiquiti Networks)

ATTACK PATTERN:
  Broadcast Attacks: 0
  Targeted Attacks:  8
  Unique Targets:    2
  Spoofed MACs Used: 1
==========================================================================================

==========================================================================================
[ATTACK #12] 2025-12-22 17:26:36
CHANNEL: 6 (5GHz)
THREAT LEVEL: 🟡 MEDIUM (40/100)
==========================================================================================

ATTACKER IDENTIFICATION:
  Hardware MAC:      Not detected
  Packet Source:     80:2a:a8:d4:86:ce (Ubiquiti Networks)
  WARNING:           Cannot verify hardware MAC

SIGNAL ANALYSIS:
  Signal:            -68 dBm (Avg: -67.1 dBm)
  Distance:          >268m (Very Far)
  TX Rate:           1.0 Mbps
  WARNING:           Low rate (max range attack)

ATTACK STATISTICS:
  Attack Rate:       1 attacks/minute
  Total Attacks:     9
  Active Duration:   11403s

TIMING ANALYSIS:
  Pattern:           MANUAL/IRREGULAR
  Avg Interval:      1425454.8ms
  Burst Attacks:     3

ATTACK DETAILS:
  Type:              Disassoc
  Target:            1e:b7:14:92:b1:8a (Random/Local MAC [LOCALLY ADMINISTERED - SPOOFED?])
  Target AP:         80:2a:a8:d4:86:ce (Ubiquiti Networks)

ATTACK PATTERN:
  Broadcast Attacks: 0
  Targeted Attacks:  9
  Unique Targets:    2
  Spoofed MACs Used: 1
==========================================================================================

==========================================================================================
[ATTACK #13] 2025-12-22 19:51:40
CHANNEL: 1 (5GHz)
THREAT LEVEL: 🟢 LOW (0/100)
==========================================================================================

ATTACKER IDENTIFICATION:
  Hardware MAC:      Not detected
  Packet Source:     00:0f:15:b5:37:91 (Unknown (00-0F-15))
  WARNING:           Cannot verify hardware MAC

SIGNAL ANALYSIS:
  Signal:            -63 dBm (Avg: -63.0 dBm)
  Distance:          >193m (Very Far)
  TX Rate:           6.0 Mbps
  WARNING:           Low rate (max range attack)

ATTACK STATISTICS:
  Attack Rate:       1 attacks/minute
  Total Attacks:     1
  Active Duration:   0s

ATTACK DETAILS:
  Type:              Deauth
  Target:            de:c8:19:ce:32:58 (Unknown (DE-C8-19) [LOCALLY ADMINISTERED - SPOOFED?])
  Target AP:         00:0f:15:b5:37:91 (Unknown (00-0F-15))

ATTACK PATTERN:
  Broadcast Attacks: 0
  Targeted Attacks:  1
  Unique Targets:    1
  Spoofed MACs Used: 1
==========================================================================================

==========================================================================================
[ATTACK #14] 2025-12-22 19:51:40
CHANNEL: 1 (5GHz)
THREAT LEVEL: 🟢 LOW (0/100)
==========================================================================================

ATTACKER IDENTIFICATION:
  Hardware MAC:      Not detected
  Packet Source:     00:0f:15:b5:37:91 (Unknown (00-0F-15))
  WARNING:           Cannot verify hardware MAC

SIGNAL ANALYSIS:
  Signal:            -64 dBm (Avg: -63.5 dBm)
  Distance:          >206m (Very Far)
  TX Rate:           6.0 Mbps
  WARNING:           Low rate (max range attack)

ATTACK STATISTICS:
  Attack Rate:       2 attacks/minute
  Total Attacks:     2
  Active Duration:   0s

ATTACK DETAILS:
  Type:              Deauth
  Target:            de:c8:19:ce:32:58 (Unknown (DE-C8-19) [LOCALLY ADMINISTERED - SPOOFED?])
  Target AP:         00:0f:15:b5:37:91 (Unknown (00-0F-15))

ATTACK PATTERN:
  Broadcast Attacks: 0
  Targeted Attacks:  2
  Unique Targets:    1
  Spoofed MACs Used: 1
==========================================================================================

==========================================================================================
[ATTACK #15] 2025-12-22 19:51:40
CHANNEL: 1 (5GHz)
THREAT LEVEL: 🟢 LOW (25/100)
==========================================================================================

ATTACKER IDENTIFICATION:
  Hardware MAC:      Not detected
  Packet Source:     00:0f:15:b5:37:91 (Unknown (00-0F-15))
  WARNING:           Cannot verify hardware MAC

SIGNAL ANALYSIS:
  Signal:            -64 dBm (Avg: -63.7 dBm)
  Distance:          >206m (Very Far)
  TX Rate:           6.0 Mbps
  WARNING:           Low rate (max range attack)

ATTACK STATISTICS:
  Attack Rate:       3 attacks/minute
  Total Attacks:     3
  Active Duration:   0s

ATTACK DETAILS:
  Type:              Deauth
  Target:            de:c8:19:ce:32:58 (Unknown (DE-C8-19) [LOCALLY ADMINISTERED - SPOOFED?])
  Target AP:         00:0f:15:b5:37:91 (Unknown (00-0F-15))

ATTACK PATTERN:
  Broadcast Attacks: 0
  Targeted Attacks:  3
  Unique Targets:    1
  Spoofed MACs Used: 1
==========================================================================================

==========================================================================================
[ATTACK #16] 2025-12-22 19:51:40
CHANNEL: 1 (5GHz)
THREAT LEVEL: 🟡 MEDIUM (35/100)
==========================================================================================

ATTACKER IDENTIFICATION:
  Hardware MAC:      Not detected
  Packet Source:     00:0f:15:b5:37:91 (Unknown (00-0F-15))
  WARNING:           Cannot verify hardware MAC

SIGNAL ANALYSIS:
  Signal:            -64 dBm (Avg: -63.8 dBm)
  Distance:          >206m (Very Far)
  TX Rate:           6.0 Mbps
  WARNING:           Low rate (max range attack)

ATTACK STATISTICS:
  Attack Rate:       4 attacks/minute
  Total Attacks:     4
  Active Duration:   0s

TIMING ANALYSIS:
  Pattern:           MANUAL/IRREGULAR
  Avg Interval:      1.5ms
  Burst Attacks:     3

ATTACK DETAILS:
  Type:              Deauth
  Target:            de:c8:19:ce:32:58 (Unknown (DE-C8-19) [LOCALLY ADMINISTERED - SPOOFED?])
  Target AP:         00:0f:15:b5:37:91 (Unknown (00-0F-15))

ATTACK PATTERN:
  Broadcast Attacks: 0
  Targeted Attacks:  4
  Unique Targets:    1
  Spoofed MACs Used: 1
==========================================================================================

==========================================================================================
[ATTACK #17] 2025-12-22 19:51:40
CHANNEL: 1 (5GHz)
THREAT LEVEL: 🟡 MEDIUM (35/100)
==========================================================================================

ATTACKER IDENTIFICATION:
  Hardware MAC:      Not detected
  Packet Source:     00:0f:15:b5:37:91 (Unknown (00-0F-15))
  WARNING:           Cannot verify hardware MAC

SIGNAL ANALYSIS:
  Signal:            -64 dBm (Avg: -63.8 dBm)
  Distance:          >206m (Very Far)
  TX Rate:           6.0 Mbps
  WARNING:           Low rate (max range attack)

ATTACK STATISTICS:
  Attack Rate:       5 attacks/minute
  Total Attacks:     5
  Active Duration:   0s

TIMING ANALYSIS:
  Pattern:           MANUAL/IRREGULAR
  Avg Interval:      1.4ms
  Burst Attacks:     4

ATTACK DETAILS:
  Type:              Deauth
  Target:            de:c8:19:ce:32:58 (Unknown (DE-C8-19) [LOCALLY ADMINISTERED - SPOOFED?])
  Target AP:         00:0f:15:b5:37:91 (Unknown (00-0F-15))

ATTACK PATTERN:
  Broadcast Attacks: 0
  Targeted Attacks:  5
  Unique Targets:    1
  Spoofed MACs Used: 1
==========================================================================================

==========================================================================================
[ATTACK #18] 2025-12-22 19:51:40
CHANNEL: 1 (5GHz)
THREAT LEVEL: 🟠 HIGH (50/100)
==========================================================================================

ATTACKER IDENTIFICATION:
  Hardware MAC:      Not detected
  Packet Source:     00:0f:15:b5:37:91 (Unknown (00-0F-15))
  WARNING:           Cannot verify hardware MAC

SIGNAL ANALYSIS:
  Signal:            -63 dBm (Avg: -63.7 dBm)
  Distance:          >193m (Very Far)
  TX Rate:           6.0 Mbps
  WARNING:           Low rate (max range attack)

ATTACK STATISTICS:
  Attack Rate:       6 attacks/minute
  Total Attacks:     6
  Active Duration:   0s

TIMING ANALYSIS:
  Pattern:           MANUAL/IRREGULAR
  Avg Interval:      1.4ms
  Burst Attacks:     5

ATTACK DETAILS:
  Type:              Deauth
  Target:            de:c8:19:ce:32:58 (Unknown (DE-C8-19) [LOCALLY ADMINISTERED - SPOOFED?])
  Target AP:         00:0f:15:b5:37:91 (Unknown (00-0F-15))

ATTACK PATTERN:
  Broadcast Attacks: 0
  Targeted Attacks:  6
  Unique Targets:    1
  Spoofed MACs Used: 1
==========================================================================================

==========================================================================================
[ATTACK #19] 2025-12-22 19:51:40
CHANNEL: 1 (5GHz)
THREAT LEVEL: 🟠 HIGH (55/100)
==========================================================================================

ATTACKER IDENTIFICATION:
  Hardware MAC:      Not detected
  Packet Source:     00:0f:15:b5:37:91 (Unknown (00-0F-15))
  WARNING:           Cannot verify hardware MAC

SIGNAL ANALYSIS:
  Signal:            -63 dBm (Avg: -63.6 dBm)
  Distance:          >193m (Very Far)
  TX Rate:           6.0 Mbps
  WARNING:           Low rate (max range attack)

ATTACK STATISTICS:
  Attack Rate:       7 attacks/minute
  Total Attacks:     7
  Active Duration:   0s

TIMING ANALYSIS:
  Pattern:           MANUAL/IRREGULAR
  Avg Interval:      1.4ms
  Burst Attacks:     6

ATTACK DETAILS:
  Type:              Deauth
  Target:            de:c8:19:ce:32:58 (Unknown (DE-C8-19) [LOCALLY ADMINISTERED - SPOOFED?])
  Target AP:         00:0f:15:b5:37:91 (Unknown (00-0F-15))

ATTACK PATTERN:
  Broadcast Attacks: 0
  Targeted Attacks:  7
  Unique Targets:    1
  Spoofed MACs Used: 1
==========================================================================================

==========================================================================================
[ATTACK #20] 2025-12-22 23:24:13
CHANNEL: 11 (2.4GHz)
THREAT LEVEL: 🟡 MEDIUM (30/100)
==========================================================================================

ATTACKER IDENTIFICATION:
  Hardware MAC:      Not detected
  Packet Source:     f8:9b:6e:54:ce:7a (Nokia)
  WARNING:           Cannot verify hardware MAC

SIGNAL ANALYSIS:
  Signal:            -48 dBm (Avg: -45.3 dBm)
  Distance:          >72m (Very Far)
  TX Rate:           1.0 Mbps
  WARNING:           Low rate (max range attack)

ATTACK STATISTICS:
  Attack Rate:       1 attacks/minute
  Total Attacks:     3
  Active Duration:   56654s

ATTACK DETAILS:
  Type:              Deauth
  Target:            42:bf:f6:1d:b2:55 (Unknown (42-BF-F6) [LOCALLY ADMINISTERED - SPOOFED?])
  Target AP:         f8:9b:6e:54:ce:7a (Nokia)

ATTACK PATTERN:
  Broadcast Attacks: 0
  Targeted Attacks:  3
  Unique Targets:    2
  Spoofed MACs Used: 1
==========================================================================================

==========================================================================================
[ATTACK #21] 2025-12-22 23:24:13
CHANNEL: 11 (2.4GHz)
THREAT LEVEL: 🟢 LOW (10/100)
==========================================================================================

ATTACKER IDENTIFICATION:
  Hardware MAC:      Not detected
  Packet Source:     42:bf:f6:1d:b2:55 (Unknown (42-BF-F6) [LOCALLY ADMINISTERED - SPOOFED?])
  WARNING:           Cannot verify hardware MAC

SIGNAL ANALYSIS:
  Signal:            -70 dBm (Avg: -70.0 dBm)
  Distance:          >306m (Very Far)
  TX Rate:           1.0 Mbps
  WARNING:           Low rate (max range attack)

ATTACK STATISTICS:
  Attack Rate:       1 attacks/minute
  Total Attacks:     1
  Active Duration:   0s

ATTACK DETAILS:
  Type:              Deauth
  Target:            f8:9b:6e:54:ce:7a (Nokia)
  Target AP:         00:00:00:00:00:00 (Unknown (00-00-00))

ATTACK PATTERN:
  Broadcast Attacks: 0
  Targeted Attacks:  1
  Unique Targets:    1
  Spoofed MACs Used: 1
==========================================================================================

==========================================================================================
[ATTACK #22] 2025-12-22 23:24:13
CHANNEL: 11 (2.4GHz)
THREAT LEVEL: 🟢 LOW (10/100)
==========================================================================================

ATTACKER IDENTIFICATION:
  Hardware MAC:      Not detected
  Packet Source:     42:bf:f6:1d:b2:55 (Unknown (42-BF-F6) [LOCALLY ADMINISTERED - SPOOFED?])
  WARNING:           Cannot verify hardware MAC

SIGNAL ANALYSIS:
  Signal:            -73 dBm (Avg: -71.5 dBm)
  Distance:          >373m (Very Far)
  TX Rate:           1.0 Mbps
  WARNING:           Low rate (max range attack)

ATTACK STATISTICS:
  Attack Rate:       2 attacks/minute
  Total Attacks:     2
  Active Duration:   0s

ATTACK DETAILS:
  Type:              Deauth
  Target:            f8:9b:6e:54:ce:7a (Nokia)
  Target AP:         00:00:00:00:00:00 (Unknown (00-00-00))

ATTACK PATTERN:
  Broadcast Attacks: 0
  Targeted Attacks:  2
  Unique Targets:    1
  Spoofed MACs Used: 1
==========================================================================================

==========================================================================================
[ATTACK #23] 2025-12-22 23:24:13
CHANNEL: 11 (2.4GHz)
THREAT LEVEL: 🟡 MEDIUM (35/100)
==========================================================================================

ATTACKER IDENTIFICATION:
  Hardware MAC:      Not detected
  Packet Source:     42:bf:f6:1d:b2:55 (Unknown (42-BF-F6) [LOCALLY ADMINISTERED - SPOOFED?])
  WARNING:           Cannot verify hardware MAC

SIGNAL ANALYSIS:
  Signal:            -69 dBm (Avg: -70.7 dBm)
  Distance:          >287m (Very Far)
  TX Rate:           1.0 Mbps
  WARNING:           Low rate (max range attack)

ATTACK STATISTICS:
  Attack Rate:       3 attacks/minute
  Total Attacks:     3
  Active Duration:   0s

ATTACK DETAILS:
  Type:              Deauth
  Target:            f8:9b:6e:54:ce:7a (Nokia)
  Target AP:         00:00:00:00:00:00 (Unknown (00-00-00))

ATTACK PATTERN:
  Broadcast Attacks: 0
  Targeted Attacks:  3
  Unique Targets:    1
  Spoofed MACs Used: 1
==========================================================================================
